[AD Thread Pool-ProxyControlReq0] 30 Jan 2020 15:39:00,475  INFO com.singularity.BCTLogger - #############################################################
[AD Thread Pool-ProxyControlReq0] 30 Jan 2020 15:39:00,475  INFO com.singularity.BCTLogger - Starting ByteCodeTransformer at Thu Jan 30 15:39:00 UTC 2020
[AD Thread Pool-ProxyControlReq0] 30 Jan 2020 15:39:00,475  INFO com.singularity.BCTLogger - #############################################################
[AD Thread Pool-ProxyControlReq0] 30 Jan 2020 15:39:00,475  INFO com.singularity.BCTLogger - Using Proxy Version [Proxy #4.5.6.24727 v4.5.6.0 GA compatible with 4.4.1.0 SHA-1:804b53a06df9ce0fe35689d2f3aa55ba803629f3 #10415230 INTERNAL-BUILD]
[AD Thread Pool-ProxyControlReq0] 30 Jan 2020 15:39:00,475  INFO com.singularity.BCTLogger - Running IBM Proxy [No]
[AD Thread Pool-ProxyControlReq0] 30 Jan 2020 15:39:00,484  INFO com.singularity.BCTLogger - Including system class [System Exclude Definition-SM{ex_type=STARTSWITH, ex_pattern='com/sun/jersey', type=STARTSWITH, pattern='com/sun/jersey'}]
[AD Thread Pool-ProxyControlReq0] 30 Jan 2020 15:39:00,484  INFO com.singularity.BCTLogger - Including system class [System Exclude Definition-SM{ex_type=STARTSWITH, ex_pattern='com/sun/messaging', type=STARTSWITH, pattern='com/sun/messaging'}]
[AD Thread Pool-ProxyControlReq0] 30 Jan 2020 15:39:00,484  INFO com.singularity.BCTLogger - Including system class [System Exclude Definition-SM{ex_type=EQUALS, ex_pattern='com/sun/enterprise/webservice/JAXWSServlet', type=EQUALS, pattern='com/sun/enterprise/webservice/JAXWSServlet'}]
[AD Thread Pool-ProxyControlReq0] 30 Jan 2020 15:39:00,484  INFO com.singularity.BCTLogger - Including system class [System Exclude Definition-SM{ex_type=EQUALS, ex_pattern='java/util/concurrent/FutureTask$Sync', type=EQUALS, pattern='java/util/concurrent/FutureTask$Sync'}]
[AD Thread Pool-ProxyControlReq0] 30 Jan 2020 15:39:00,484  INFO com.singularity.BCTLogger - Including system class [System Exclude Definition-SM{ex_type=EQUALS, ex_pattern='javax/servlet/ServletRequestWrapper', type=EQUALS, pattern='javax/servlet/ServletRequestWrapper'}]
[AD Thread Pool-ProxyControlReq0] 30 Jan 2020 15:39:00,484  INFO com.singularity.BCTLogger - Including system class [System Exclude Definition-SM{ex_type=EQUALS, ex_pattern='javax/servlet/http/HttpServletRequestWrapper', type=EQUALS, pattern='javax/servlet/http/HttpServletRequestWrapper'}]
[AD Thread Pool-ProxyControlReq0] 30 Jan 2020 15:39:00,484  INFO com.singularity.BCTLogger - Including system class [System Exclude Definition-SM{ex_type=STARTSWITH, ex_pattern='com/singularity/ee/agent/appagent/services/bciengine/init', type=STARTSWITH, pattern='com/singularity/ee/agent/appagent/services/bciengine/init'}]
[AD Thread Pool-ProxyControlReq0] 30 Jan 2020 15:39:00,484  INFO com.singularity.BCTLogger - Including system class [System Exclude Definition-SM{ex_type=STARTSWITH, ex_pattern='java/util/concurrent/RecursiveTask', type=STARTSWITH, pattern='java/util/concurrent/RecursiveTask'}]
[AD Thread Pool-ProxyControlReq0] 30 Jan 2020 15:39:00,484  INFO com.singularity.BCTLogger - Including system class [System Exclude Definition-SM{ex_type=STARTSWITH, ex_pattern='com/singularity/ee/agent/dbagent', type=STARTSWITH, pattern='com/singularity/ee/agent/dbagent'}]
[AD Thread Pool-ProxyControlReq0] 30 Jan 2020 15:39:00,484  INFO com.singularity.BCTLogger - Including system class [System Exclude Definition-SM{ex_type=STARTSWITH, ex_pattern='com/sun/j2ee/blueprints', type=STARTSWITH, pattern='com/sun/j2ee/blueprints'}]
[AD Thread Pool-ProxyControlReq0] 30 Jan 2020 15:39:00,485  INFO com.singularity.BCTLogger - Including system class [System Exclude Definition-SM{ex_type=STARTSWITH, ex_pattern='com/sun/javaee/blueprints', type=STARTSWITH, pattern='com/sun/javaee/blueprints'}]
[AD Thread Pool-ProxyControlReq0] 30 Jan 2020 15:39:00,485  INFO com.singularity.BCTLogger - Including system class [System Exclude Definition-SM{ex_type=EQUALS, ex_pattern='com/sun/jndi/ldap/LdapNamingEnumeration', type=EQUALS, pattern='com/sun/jndi/ldap/LdapNamingEnumeration'}]
[AD Thread Pool-ProxyControlReq0] 30 Jan 2020 15:39:00,485  INFO com.singularity.BCTLogger - Including system class [System Exclude Definition-SM{ex_type=EQUALS, ex_pattern='com/sun/jndi/ldap/LdapClient', type=EQUALS, pattern='com/sun/jndi/ldap/LdapClient'}]
[AD Thread Pool-ProxyControlReq0] 30 Jan 2020 15:39:00,485  INFO com.singularity.BCTLogger - Including system class [System Exclude Definition-SM{ex_type=EQUALS, ex_pattern='com/sun/jndi/ldap/LdapClientFactory', type=EQUALS, pattern='com/sun/jndi/ldap/LdapClientFactory'}]
[AD Thread Pool-ProxyControlReq0] 30 Jan 2020 15:39:00,485  INFO com.singularity.BCTLogger - Including system class [System Exclude Definition-SM{ex_type=EQUALS, ex_pattern='javax/mail/Transport', type=EQUALS, pattern='javax/mail/Transport'}]
[AD Thread Pool-ProxyControlReq0] 30 Jan 2020 15:39:00,485  INFO com.singularity.BCTLogger - Including system class [System Exclude Definition-SM{ex_type=EQUALS, ex_pattern='java/net/Socket', type=EQUALS, pattern='java/net/Socket'}]
[AD Thread Pool-ProxyControlReq0] 30 Jan 2020 15:39:00,485  INFO com.singularity.BCTLogger - Including system class [System Exclude Definition-SM{ex_type=EQUALS, ex_pattern='java/mail/SocketInputStream', type=EQUALS, pattern='java/mail/SocketInputStream'}]
[AD Thread Pool-ProxyControlReq0] 30 Jan 2020 15:39:00,485  INFO com.singularity.BCTLogger - Including system class [System Exclude Definition-SM{ex_type=EQUALS, ex_pattern='java/mail/SocketOutputStream', type=EQUALS, pattern='java/mail/SocketOutputStream'}]
[AD Thread Pool-ProxyControlReq0] 30 Jan 2020 15:39:00,485  INFO com.singularity.BCTLogger - Including system class [System Exclude Definition-SM{ex_type=EQUALS, ex_pattern='sun/rmi/transport/StreamRemoteCall', type=EQUALS, pattern='sun/rmi/transport/StreamRemoteCall'}]
[AD Thread Pool-ProxyControlReq0] 30 Jan 2020 15:39:00,486  INFO com.singularity.BCTLogger - Excluding system class [java/]
[AD Thread Pool-ProxyControlReq0] 30 Jan 2020 15:39:00,486  INFO com.singularity.BCTLogger - Excluding system class [sun/]
[AD Thread Pool-ProxyControlReq0] 30 Jan 2020 15:39:00,486  INFO com.singularity.BCTLogger - Excluding system class [com/sun/]
[AD Thread Pool-ProxyControlReq0] 30 Jan 2020 15:39:00,486  INFO com.singularity.BCTLogger - Excluding system class [javax/]
[AD Thread Pool-ProxyControlReq0] 30 Jan 2020 15:39:00,486  INFO com.singularity.BCTLogger - Excluding system class [com/singularity/ee]
[AD Thread Pool-ProxyControlReq0] 30 Jan 2020 15:39:00,486  INFO com.singularity.BCTLogger - Excluding system class [jrockit/]
[AD Thread Pool-ProxyControlReq0] 30 Jan 2020 15:39:00,486  INFO com.singularity.BCTLogger - Excluding system class [com/bea/jrockit/]
[AD Thread Pool-ProxyControlReq0] 30 Jan 2020 15:39:00,486  INFO com.singularity.BCTLogger - Excluding system class [com/yourkit]
[AD Thread Pool-ProxyControlReq0] 30 Jan 2020 15:39:00,597  INFO com.singularity.BCTLogger - Including system class [System Exclude Definition-SM{ex_type=EQUALS, ex_pattern='com/sun/enterprise/v3/server/LifecycleModuleService', type=EQUALS, pattern='com/sun/enterprise/v3/server/LifecycleModuleService'}]
[AD Thread Pool-ProxyControlReq0] 30 Jan 2020 15:39:00,691  INFO com.singularity.BCTLogger - Remove excluding custom classes	Custom Exclude Definition-SM{ex_type=EQUALS, ex_pattern='foo', type=EQUALS, pattern='foo'}
[AD Thread Pool-ProxyControlReq0] 30 Jan 2020 15:39:00,692  INFO com.singularity.BCTLogger - Remove excluding custom classes	Custom Exclude Definition-SM{ex_type=CONTAINS, ex_pattern='$$EnhancerByCGLIB$$', type=CONTAINS, pattern='$$EnhancerByCGLIB$$'}
[AD Thread Pool-ProxyControlReq0] 30 Jan 2020 15:39:00,703  INFO com.singularity.BCTLogger - Remove excluding custom classes	Custom Exclude Definition-SM{ex_type=EQUALS, ex_pattern='org/jboss/resource/adapter/jms/JmsMessageConsumer', type=EQUALS, pattern='org/jboss/resource/adapter/jms/JmsMessageConsumer'}
[AD Thread Pool-ProxyControlReq0] 30 Jan 2020 15:39:00,703  INFO com.singularity.BCTLogger - Remove excluding custom classes	Custom Exclude Definition-SM{ex_type=EQUALS, ex_pattern='com/ibm/ejs/jms/JMSMessageConsumerHandle', type=EQUALS, pattern='com/ibm/ejs/jms/JMSMessageConsumerHandle'}
[AD Thread Pool-ProxyControlReq0] 30 Jan 2020 15:39:00,704  INFO com.singularity.BCTLogger - Remove excluding custom classes	Custom Exclude Definition-SM{ex_type=STARTSWITH, ex_pattern='atg/dms/', type=STARTSWITH, pattern='atg/dms/'}
[AD Thread Pool-ProxyControlReq0] 30 Jan 2020 15:39:00,704  INFO com.singularity.BCTLogger - Remove excluding custom classes	Custom Exclude Definition-SM{ex_type=EQUALS, ex_pattern='io/netty/util/concurrent/DefaultThreadFactory$DefaultRunnableDecorator', type=EQUALS, pattern='io/netty/util/concurrent/DefaultThreadFactory$DefaultRunnableDecorator'}
[AD Thread Pool-ProxyControlReq0] 30 Jan 2020 15:39:00,704  INFO com.singularity.BCTLogger - Remove excluding custom classes	Custom Exclude Definition-SM{ex_type=STARTSWITH, ex_pattern='io/netty/util/concurrent/SingleThreadEventExecutor', type=STARTSWITH, pattern='io/netty/util/concurrent/SingleThreadEventExecutor'}
[AD Thread Pool-ProxyControlReq0] 30 Jan 2020 15:39:00,708  INFO com.singularity.BCTLogger - Remove excluding custom classes	Custom Exclude Definition-SM{ex_type=STARTSWITH, ex_pattern='io/reactivex/netty/client/ConnectionPoolImpl', type=STARTSWITH, pattern='io/reactivex/netty/client/ConnectionPoolImpl'}
[AD Thread Pool-ProxyControlReq0] 30 Jan 2020 15:39:00,709  INFO com.singularity.BCTLogger - Add Override for OverridableExclude: System Exclude Definition-SM{ex_type=EQUALS, ex_pattern='kafka/api/FetchResponse$$anonfun$dataGroupedByTopic$1', type=EQUALS, pattern='kafka/api/FetchResponse$$anonfun$dataGroupedByTopic$1'}
[AD Thread Pool-ProxyControlReq0] 30 Jan 2020 15:39:00,709  INFO com.singularity.BCTLogger - Add Override for OverridableExclude: System Exclude Definition-SM{ex_type=EQUALS, ex_pattern='spray/client/pipelining$$anonfun$sendReceive$1', type=EQUALS, pattern='spray/client/pipelining$$anonfun$sendReceive$1'}
[AD Thread Pool-ProxyControlReq0] 30 Jan 2020 15:39:00,709  INFO com.singularity.BCTLogger - Add Override for OverridableExclude: System Exclude Definition-SM{ex_type=EQUALS, ex_pattern='akka/http/scaladsl/server/Route$$anonfun$asyncHandler$1', type=EQUALS, pattern='akka/http/scaladsl/server/Route$$anonfun$asyncHandler$1'}
[AD Thread Pool-ProxyControlReq0] 30 Jan 2020 15:39:00,709  INFO com.singularity.BCTLogger - Add Override for OverridableExclude: System Exclude Definition-SM{ex_type=EQUALS, ex_pattern='akka/http/scaladsl/server/Route$$anonfun$asyncHandler$1$$anonfun$apply$1', type=EQUALS, pattern='akka/http/scaladsl/server/Route$$anonfun$asyncHandler$1$$anonfun$apply$1'}
[AD Thread Pool-ProxyControlReq0] 30 Jan 2020 15:39:00,710  INFO com.singularity.BCTLogger - Add Override for OverridableExclude: System Exclude Definition-SM{ex_type=EQUALS, ex_pattern='akka/http/scaladsl/server/Route$$anonfun$asyncHandler$1$$anonfun$apply$2', type=EQUALS, pattern='akka/http/scaladsl/server/Route$$anonfun$asyncHandler$1$$anonfun$apply$2'}
[AD Thread Pool-ProxyControlReq0] 30 Jan 2020 15:39:00,713  INFO com.singularity.BCTLogger - Add Override for OverridableExclude: System Exclude Definition-SM{ex_type=EQUALS, ex_pattern='akka/http/scaladsl/server/StandardRoute$$anon$1', type=EQUALS, pattern='akka/http/scaladsl/server/StandardRoute$$anon$1'}
[AD Thread Pool-ProxyControlReq0] 30 Jan 2020 15:39:00,714  INFO com.singularity.BCTLogger - Add Override for OverridableExclude: System Exclude Definition-SM{ex_type=STARTSWITH, ex_pattern='akka/http/impl/engine/client/PoolSlot$SlotProcessor$$anon$1$$anon$', type=STARTSWITH, pattern='akka/http/impl/engine/client/PoolSlot$SlotProcessor$$anon$1$$anon$'}
[AD Thread Pool-ProxyControlReq0] 30 Jan 2020 15:39:00,715  INFO com.singularity.BCTLogger - Add Override for OverridableExclude: System Exclude Definition-SM{ex_type=EQUALS, ex_pattern='play/core/j/JavaAction$$anon$1', type=EQUALS, pattern='play/core/j/JavaAction$$anon$1'}
[AD Thread Pool-ProxyControlReq0] 30 Jan 2020 15:39:00,717  INFO com.singularity.BCTLogger - Remove excluding overridable classes	Overridable Exclude Definition-SM{ex_type=CONTAINS, ex_pattern='$$anonfun', type=CONTAINS, pattern='$$anonfun'}
[AD Thread Pool-ProxyControlReq0] 30 Jan 2020 15:39:00,717  WARN com.singularity.BCTLogger - Class File Transformer disabled, no classes will be instrumented
[AD Thread Pool-ProxyControlReq0] 30 Jan 2020 15:39:01,257  INFO com.singularity.BCTLogger - Including system class [System Exclude Definition-SM{ex_type=EQUALS, ex_pattern='java/util/logging/Logger', type=EQUALS, pattern='java/util/logging/Logger'}]
[AD Thread Pool-ProxyControlReq0] 30 Jan 2020 15:39:01,259  INFO com.singularity.BCTLogger - Including system class [System Exclude Definition-SM{ex_type=EQUALS, ex_pattern='java/util/logging/Logger', type=EQUALS, pattern='java/util/logging/Logger'}]
[AD Thread Pool-ProxyControlReq0] 30 Jan 2020 15:39:06,031  INFO com.singularity.BCTLogger - Including system class [System Exclude Definition-SM{ex_type=EQUALS, ex_pattern='com/singularity/ee/agent/appagent/services/bciengine/init/PlainOldClass', type=EQUALS, pattern='com/singularity/ee/agent/appagent/services/bciengine/init/PlainOldClass'}]
[AD Thread Pool-ProxyControlReq0] 30 Jan 2020 15:39:06,050  INFO com.singularity.BCTLogger - Including system class [System Exclude Definition-SM{ex_type=EQUALS, ex_pattern='com/sun/enterprise/v3/services/impl/ContainerMapper', type=EQUALS, pattern='com/sun/enterprise/v3/services/impl/ContainerMapper'}]
[AD Thread Pool-ProxyControlReq0] 30 Jan 2020 15:39:06,051  INFO com.singularity.BCTLogger - Including system class [System Exclude Definition-SM{ex_type=EQUALS, ex_pattern='java/util/concurrent/ThreadPoolExecutor$Worker', type=EQUALS, pattern='java/util/concurrent/ThreadPoolExecutor$Worker'}]
[AD Thread Pool-ProxyControlReq0] 30 Jan 2020 15:39:06,052  INFO com.singularity.BCTLogger - Including system class [System Exclude Definition-SM{ex_type=EQUALS, ex_pattern='com/sun/ejb/containers/util/WorkAdapter', type=EQUALS, pattern='com/sun/ejb/containers/util/WorkAdapter'}]
[AD Thread Pool-ProxyControlReq0] 30 Jan 2020 15:39:06,052  INFO com.singularity.BCTLogger - Including system class [System Exclude Definition-SM{ex_type=EQUALS, ex_pattern='com/sun/enterprise/web/connector/grizzly/TaskBase', type=EQUALS, pattern='com/sun/enterprise/web/connector/grizzly/TaskBase'}]
[AD Thread Pool-ProxyControlReq0] 30 Jan 2020 15:39:06,056  INFO com.singularity.BCTLogger - Including system class [System Exclude Definition-SM{ex_type=STARTSWITH, ex_pattern='javax/xml/bind/helpers/', type=STARTSWITH, pattern='javax/xml/bind/helpers/'}]
[AD Thread Pool-ProxyControlReq0] 30 Jan 2020 15:39:06,058  INFO com.singularity.BCTLogger - Including system class [System Exclude Definition-SM{ex_type=EQUALS, ex_pattern='javax/xml/parsers/DocumentBuilder', type=EQUALS, pattern='javax/xml/parsers/DocumentBuilder'}]
[AD Thread Pool-ProxyControlReq0] 30 Jan 2020 15:39:06,058  INFO com.singularity.BCTLogger - Including system class [System Exclude Definition-SM{ex_type=EQUALS, ex_pattern='com/sun/org/apache/xerces/internal/jaxp/DocumentBuilderImpl', type=EQUALS, pattern='com/sun/org/apache/xerces/internal/jaxp/DocumentBuilderImpl'}]
[AD Thread Pool-ProxyControlReq0] 30 Jan 2020 15:39:06,128  INFO com.singularity.BCTLogger - Including system class [System Exclude Definition-SM{ex_type=EQUALS, ex_pattern='java/util/Hashtable', type=EQUALS, pattern='java/util/Hashtable'}]
[AD Thread Pool-ProxyControlReq0] 30 Jan 2020 15:39:06,132  INFO com.singularity.BCTLogger - Including system class [System Exclude Definition-SM{ex_type=EQUALS, ex_pattern='java/lang/ApplicationShutdownHooks', type=EQUALS, pattern='java/lang/ApplicationShutdownHooks'}]
