[AD Thread-Metric Reporter1] 30 Jan 2020 15:40:00,354  INFO MetricSender - Sending REST request - URL [/controller/instance/5639/metricregistration]
<request>
<node-id>5635</node-id>
<agent-type>APP_AGENT</agent-type>
<metric	cluster-rollup-type="COLLECTIVE"	name="BTM|Application Summary|Number of Slow Calls"	time-rollup-type="SUM"	hole-fill-type="REGULAR_COUNTER"/>
<metric	cluster-rollup-type="INDIVIDUAL"	name="JVM|Memory:Heap|Max Available (MB)"	time-rollup-type="CURRENT"	hole-fill-type="REGULAR_COUNTER"/>
<metric	cluster-rollup-type="INDIVIDUAL"	name="BTM|Application Summary|Normal Average Response Time (ms)"	time-rollup-type="AVERAGE"	hole-fill-type="REGULAR_COUNTER"/>
<metric	cluster-rollup-type="COLLECTIVE"	name="BTM|BTs|BT:2126|Component:1803|Calls per Minute"	time-rollup-type="AVERAGE"	hole-fill-type="RATE_COUNTER"/>
<metric	cluster-rollup-type="COLLECTIVE"	name="BTM|BTs|BT:2128|Component:1803|Stall Count"	time-rollup-type="SUM"	hole-fill-type="REGULAR_COUNTER"/>
<metric	cluster-rollup-type="COLLECTIVE"	name="BTM|BTs|BT:2127|Component:1803|Errors per Minute"	time-rollup-type="AVERAGE"	hole-fill-type="RATE_COUNTER"/>
<metric	cluster-rollup-type="INDIVIDUAL"	name="BTM|BTs|BT:2127|Component:1803|Normal Average Response Time (ms)"	time-rollup-type="AVERAGE"	hole-fill-type="REGULAR_COUNTER"/>
<metric	cluster-rollup-type="INDIVIDUAL"	name="BTM|Application Summary|Average Response Time (ms)"	time-rollup-type="AVERAGE"	hole-fill-type="REGULAR_COUNTER"/>
<metric	cluster-rollup-type="COLLECTIVE"	name="BTM|Application Summary|Component:1803|Infrastructure Errors per Minute"	time-rollup-type="AVERAGE"	hole-fill-type="RATE_COUNTER"/>
<metric	cluster-rollup-type="INDIVIDUAL"	name="JVM|Threads|Current No. of Threads"	time-rollup-type="CURRENT"	hole-fill-type="REGULAR_COUNTER"/>
<metric	cluster-rollup-type="INDIVIDUAL"	name="BTM|BTs|BT:2126|Component:1803|Max Request Memory Size (bytes)"	time-rollup-type="AVERAGE"	hole-fill-type="REGULAR_COUNTER"/>
<metric	cluster-rollup-type="COLLECTIVE"	name="BTM|Application Summary|Infrastructure Errors per Minute"	time-rollup-type="AVERAGE"	hole-fill-type="RATE_COUNTER"/>
<metric	cluster-rollup-type="INDIVIDUAL"	name="BTM|Application Summary|Component:1803|Average Response Time (ms)"	time-rollup-type="AVERAGE"	hole-fill-type="REGULAR_COUNTER"/>
<metric	cluster-rollup-type="INDIVIDUAL"	name="JVM|Garbage Collection|Minor Collection Time Spent Per Min (ms)"	time-rollup-type="SUM"	hole-fill-type="REGULAR_COUNTER"/>
<metric	cluster-rollup-type="INDIVIDUAL"	name="JVM|Memory:Non-Heap|Committed (MB)"	time-rollup-type="CURRENT"	hole-fill-type="REGULAR_COUNTER"/>
<metric	cluster-rollup-type="COLLECTIVE"	name="BTM|Application Summary|Number of Slow End to End Messages"	time-rollup-type="SUM"	hole-fill-type="REGULAR_COUNTER"/>
<metric	cluster-rollup-type="INDIVIDUAL"	name="Agent|Agent Channels|Metric Registration"	time-rollup-type="AVERAGE"	hole-fill-type="REGULAR_COUNTER"/>
<metric	cluster-rollup-type="INDIVIDUAL"	name="BTM|Application Summary|Average End to End Latency (ms)"	time-rollup-type="AVERAGE"	hole-fill-type="REGULAR_COUNTER"/>
<metric	cluster-rollup-type="INDIVIDUAL"	name="JVM|Process CPU Burnt (ms/min)"	time-rollup-type="CURRENT"	hole-fill-type="REGULAR_COUNTER"/>
<metric	cluster-rollup-type="INDIVIDUAL"	name="BTM|BTs|BT:2127|Component:1803|Max Request Memory Size (bytes)"	time-rollup-type="AVERAGE"	hole-fill-type="REGULAR_COUNTER"/>
<metric	cluster-rollup-type="INDIVIDUAL"	name="BTM|BTs|BT:2125|Component:1803|95th Percentile Response Time (ms)"	time-rollup-type="AVERAGE"	hole-fill-type="REGULAR_COUNTER"/>
<metric	cluster-rollup-type="COLLECTIVE"	name="BTM|Application Summary|Component:1803|Calls per Minute"	time-rollup-type="AVERAGE"	hole-fill-type="RATE_COUNTER"/>
<metric	cluster-rollup-type="COLLECTIVE"	name="BTM|BTs|BT:2126|Component:1803|Number of Slow Calls"	time-rollup-type="SUM"	hole-fill-type="REGULAR_COUNTER"/>
<metric	cluster-rollup-type="INDIVIDUAL"	name="BTM|BTs|BT:2125|Component:1803|Max Request Memory Size (bytes)"	time-rollup-type="AVERAGE"	hole-fill-type="REGULAR_COUNTER"/>
<metric	cluster-rollup-type="COLLECTIVE"	name="BTM|Application Summary|Errors per Minute"	time-rollup-type="AVERAGE"	hole-fill-type="RATE_COUNTER"/>
<metric	cluster-rollup-type="INDIVIDUAL"	name="BTM|BTs|BT:2128|Component:1803|Normal Average Response Time (ms)"	time-rollup-type="AVERAGE"	hole-fill-type="REGULAR_COUNTER"/>
<metric	cluster-rollup-type="INDIVIDUAL"	name="BTM|BTs|BT:2125|Component:1803|Normal Average Response Time (ms)"	time-rollup-type="AVERAGE"	hole-fill-type="REGULAR_COUNTER"/>
<metric	cluster-rollup-type="INDIVIDUAL"	name="BTM|BTs|BT:2126|Component:1803|Average Response Time (ms)"	time-rollup-type="AVERAGE"	hole-fill-type="REGULAR_COUNTER"/>
<metric	cluster-rollup-type="COLLECTIVE"	name="BTM|Application Summary|Calls per Minute"	time-rollup-type="AVERAGE"	hole-fill-type="RATE_COUNTER"/>
<metric	cluster-rollup-type="COLLECTIVE"	name="BTM|BTs|BT:2128|Component:1803|Number of Very Slow Calls"	time-rollup-type="SUM"	hole-fill-type="REGULAR_COUNTER"/>
<metric	cluster-rollup-type="COLLECTIVE"	name="BTM|BTs|BT:2128|Component:1803|Number of Slow Calls"	time-rollup-type="SUM"	hole-fill-type="REGULAR_COUNTER"/>
<metric	cluster-rollup-type="INDIVIDUAL"	name="JVM|Memory:Heap|Committed (MB)"	time-rollup-type="CURRENT"	hole-fill-type="REGULAR_COUNTER"/>
<metric	cluster-rollup-type="COLLECTIVE"	name="BTM|Application Summary|Component:1803|Errors per Minute"	time-rollup-type="AVERAGE"	hole-fill-type="RATE_COUNTER"/>
<metric	cluster-rollup-type="COLLECTIVE"	name="BTM|BTs|BT:2125|Component:1803|Calls per Minute"	time-rollup-type="AVERAGE"	hole-fill-type="RATE_COUNTER"/>
<metric	cluster-rollup-type="INDIVIDUAL"	name="BTM|BTs|BT:2127|Component:1803|95th Percentile Response Time (ms)"	time-rollup-type="AVERAGE"	hole-fill-type="REGULAR_COUNTER"/>
<metric	cluster-rollup-type="INDIVIDUAL"	name="JVM|Garbage Collection|GC Time Spent Per Min (ms)"	time-rollup-type="SUM"	hole-fill-type="REGULAR_COUNTER"/>
<metric	cluster-rollup-type="INDIVIDUAL"	name="JVM|Memory:Heap|Used %"	time-rollup-type="CURRENT"	hole-fill-type="REGULAR_COUNTER"/>
<metric	cluster-rollup-type="COLLECTIVE"	name="BTM|BTs|BT:2125|Component:1803|Errors per Minute"	time-rollup-type="AVERAGE"	hole-fill-type="RATE_COUNTER"/>
<metric	cluster-rollup-type="INDIVIDUAL"	name="JVM|Process CPU Usage %"	time-rollup-type="AVERAGE"	hole-fill-type="REGULAR_COUNTER"/>
<metric	cluster-rollup-type="INDIVIDUAL"	name="JVM|Garbage Collection|Allocated-Objects (MB)"	time-rollup-type="AVERAGE"	hole-fill-type="NO_ZEROFILL_COUNTER"/>
<metric	cluster-rollup-type="COLLECTIVE"	name="BTM|BTs|BT:2126|Component:1803|Number of Very Slow Calls"	time-rollup-type="SUM"	hole-fill-type="REGULAR_COUNTER"/>
<metric	cluster-rollup-type="INDIVIDUAL"	name="BTM|BTs|BT:2126|Component:1803|Normal Average Response Time (ms)"	time-rollup-type="AVERAGE"	hole-fill-type="REGULAR_COUNTER"/>
<metric	cluster-rollup-type="INDIVIDUAL"	name="JVM|Garbage Collection|Promoted-Objects (MB)"	time-rollup-type="AVERAGE"	hole-fill-type="REGULAR_COUNTER"/>
<metric	cluster-rollup-type="INDIVIDUAL"	name="BTM|BTs|BT:2125|Component:1803|Average Response Time (ms)"	time-rollup-type="AVERAGE"	hole-fill-type="REGULAR_COUNTER"/>
<metric	cluster-rollup-type="COLLECTIVE"	name="BTM|BTs|BT:2125|Component:1803|Number of Slow Calls"	time-rollup-type="SUM"	hole-fill-type="REGULAR_COUNTER"/>
<metric	cluster-rollup-type="INDIVIDUAL"	name="BTM|BTs|BT:2128|Component:1803|Average Response Time (ms)"	time-rollup-type="AVERAGE"	hole-fill-type="REGULAR_COUNTER"/>
<metric	cluster-rollup-type="INDIVIDUAL"	name="Agent|Agent Channels|Agent Registration"	time-rollup-type="AVERAGE"	hole-fill-type="REGULAR_COUNTER"/>
<metric	cluster-rollup-type="COLLECTIVE"	name="BTM|BTs|BT:2127|Component:1803|Stall Count"	time-rollup-type="SUM"	hole-fill-type="REGULAR_COUNTER"/>
<metric	cluster-rollup-type="COLLECTIVE"	name="BTM|Application Summary|Number of Very Slow Calls"	time-rollup-type="SUM"	hole-fill-type="REGULAR_COUNTER"/>
<metric	cluster-rollup-type="INDIVIDUAL"	name="JVM|Garbage Collection|Number of Major Collections Per Min"	time-rollup-type="SUM"	hole-fill-type="REGULAR_COUNTER"/>
<metric	cluster-rollup-type="INDIVIDUAL"	name="Agent|Agent Channels|App Config Poll"	time-rollup-type="AVERAGE"	hole-fill-type="REGULAR_COUNTER"/>
<metric	cluster-rollup-type="INDIVIDUAL"	name="JVM|Garbage Collection|Freed-Objects (MB)"	time-rollup-type="AVERAGE"	hole-fill-type="REGULAR_COUNTER"/>
<metric	cluster-rollup-type="INDIVIDUAL"	name="BTM|BTs|BT:2127|Component:1803|Average Response Time (ms)"	time-rollup-type="AVERAGE"	hole-fill-type="REGULAR_COUNTER"/>
<metric	cluster-rollup-type="COLLECTIVE"	name="BTM|Application Summary|Component:1803|Number of Slow Calls"	time-rollup-type="SUM"	hole-fill-type="REGULAR_COUNTER"/>
<metric	cluster-rollup-type="INDIVIDUAL"	name="BTM|BTs|BT:2128|Component:1803|95th Percentile Response Time (ms)"	time-rollup-type="AVERAGE"	hole-fill-type="REGULAR_COUNTER"/>
<metric	cluster-rollup-type="COLLECTIVE"	name="BTM|BTs|BT:2126|Component:1803|Stall Count"	time-rollup-type="SUM"	hole-fill-type="REGULAR_COUNTER"/>
<metric	cluster-rollup-type="COLLECTIVE"	name="BTM|BTs|BT:2125|Component:1803|Stall Count"	time-rollup-type="SUM"	hole-fill-type="REGULAR_COUNTER"/>
<metric	cluster-rollup-type="INDIVIDUAL"	name="BTM|BTs|BT:2128|Component:1803|Max Request Memory Size (bytes)"	time-rollup-type="AVERAGE"	hole-fill-type="REGULAR_COUNTER"/>
<metric	cluster-rollup-type="COLLECTIVE"	name="BTM|BTs|BT:2126|Component:1803|Errors per Minute"	time-rollup-type="AVERAGE"	hole-fill-type="RATE_COUNTER"/>
<metric	cluster-rollup-type="INDIVIDUAL"	name="JVM|Garbage Collection|Major Collection Time Spent Per Min (ms)"	time-rollup-type="SUM"	hole-fill-type="REGULAR_COUNTER"/>
<metric	cluster-rollup-type="COLLECTIVE"	name="BTM|BTs|BT:2127|Component:1803|Number of Very Slow Calls"	time-rollup-type="SUM"	hole-fill-type="REGULAR_COUNTER"/>
<metric	cluster-rollup-type="COLLECTIVE"	name="BTM|BTs|BT:2127|Component:1803|Number of Slow Calls"	time-rollup-type="SUM"	hole-fill-type="REGULAR_COUNTER"/>
<metric	cluster-rollup-type="INDIVIDUAL"	name="Agent|Agent Channels|BT Registration"	time-rollup-type="AVERAGE"	hole-fill-type="REGULAR_COUNTER"/>
<metric	cluster-rollup-type="INDIVIDUAL"	name="Agent|Agent Channels|Metric Reporting"	time-rollup-type="AVERAGE"	hole-fill-type="REGULAR_COUNTER"/>
<metric	cluster-rollup-type="COLLECTIVE"	name="BTM|BTs|BT:2127|Component:1803|Calls per Minute"	time-rollup-type="AVERAGE"	hole-fill-type="RATE_COUNTER"/>
<metric	cluster-rollup-type="COLLECTIVE"	name="BTM|Application Summary|End to End Messages per Minute"	time-rollup-type="AVERAGE"	hole-fill-type="RATE_COUNTER"/>
<metric	cluster-rollup-type="INDIVIDUAL"	name="JVM|Memory:Non-Heap|Current Usage (MB)"	time-rollup-type="CURRENT"	hole-fill-type="REGULAR_COUNTER"/>
<metric	cluster-rollup-type="INDIVIDUAL"	name="JVM|Classes|Current Loaded Class Count"	time-rollup-type="CURRENT"	hole-fill-type="REGULAR_COUNTER"/>
<metric	cluster-rollup-type="INDIVIDUAL"	name="JVM|Garbage Collection|LiveData (MB)"	time-rollup-type="AVERAGE"	hole-fill-type="NO_ZEROFILL_COUNTER"/>
<metric	cluster-rollup-type="COLLECTIVE"	name="BTM|Application Summary|Component:1803|Stall Count"	time-rollup-type="SUM"	hole-fill-type="REGULAR_COUNTER"/>
<metric	cluster-rollup-type="COLLECTIVE"	name="BTM|BTs|BT:2128|Component:1803|Errors per Minute"	time-rollup-type="AVERAGE"	hole-fill-type="RATE_COUNTER"/>
<metric	cluster-rollup-type="COLLECTIVE"	name="BTM|BTs|BT:2125|Component:1803|Number of Very Slow Calls"	time-rollup-type="SUM"	hole-fill-type="REGULAR_COUNTER"/>
<metric	cluster-rollup-type="COLLECTIVE"	name="BTM|BTs|BT:2128|Component:1803|Calls per Minute"	time-rollup-type="AVERAGE"	hole-fill-type="RATE_COUNTER"/>
<metric	cluster-rollup-type="INDIVIDUAL"	name="JVM|Garbage Collection|Number of Minor Collections Per Min"	time-rollup-type="SUM"	hole-fill-type="REGULAR_COUNTER"/>
<metric	cluster-rollup-type="INDIVIDUAL"	name="JVM|Classes|Total Classes Loaded"	time-rollup-type="CURRENT"	hole-fill-type="REGULAR_COUNTER"/>
<metric	cluster-rollup-type="COLLECTIVE"	name="BTM|Application Summary|Stall Count"	time-rollup-type="SUM"	hole-fill-type="REGULAR_COUNTER"/>
<metric	cluster-rollup-type="COLLECTIVE"	name="BTM|Application Summary|Component:1803|Number of Very Slow Calls"	time-rollup-type="SUM"	hole-fill-type="REGULAR_COUNTER"/>
<metric	cluster-rollup-type="INDIVIDUAL"	name="BTM|BTs|BT:2126|Component:1803|95th Percentile Response Time (ms)"	time-rollup-type="AVERAGE"	hole-fill-type="REGULAR_COUNTER"/>
<metric	cluster-rollup-type="INDIVIDUAL"	name="JVM|Memory:Heap|Current Usage (MB)"	time-rollup-type="CURRENT"	hole-fill-type="REGULAR_COUNTER"/>
<metric	cluster-rollup-type="INDIVIDUAL"	name="JVM|Memory:Heap|Custom Current Usage Percentage"	time-rollup-type="AVERAGE"	hole-fill-type="REGULAR_COUNTER"/>
<account-key>****</account-key>
</request>

[AD Thread-Metric Reporter1] 30 Jan 2020 15:40:01,706  INFO MetricSender - REST Response Received - URL [/controller/instance/5639/metricregistration]
<request>
<metric	name="BTM|Application Summary|End to End Messages per Minute"	id="326295"/>
<metric	name="JVM|Garbage Collection|Major Collection Time Spent Per Min (ms)"	id="326213"/>
<metric	name="JVM|Memory:Heap|Committed (MB)"	id="326214"/>
<metric	name="Agent|Agent Channels|BT Registration"	id="326282"/>
<metric	name="BTM|BTs|BT:2125|Component:1803|Calls per Minute"	id="326304"/>
<metric	name="BTM|Application Summary|Stall Count"	id="326302"/>
<metric	name="BTM|Application Summary|Average Response Time (ms)"	id="326286"/>
<metric	name="BTM|BTs|BT:2128|Component:1803|Max Request Memory Size (bytes)"	id="326494"/>
<metric	name="BTM|BTs|BT:2126|Component:1803|Number of Slow Calls"	id="326315"/>
<metric	name="BTM|Application Summary|Component:1803|Calls per Minute"	id="326289"/>
<metric	name="BTM|BTs|BT:2128|Component:1803|Stall Count"	id="326335"/>
<metric	name="JVM|Garbage Collection|Number of Major Collections Per Min"	id="326226"/>
<metric	name="Agent|Agent Channels|Agent Registration"	id="326280"/>
<metric	name="BTM|BTs|BT:2128|Component:1803|Calls per Minute"	id="326331"/>
<metric	name="JVM|Garbage Collection|GC Time Spent Per Min (ms)"	id="326233"/>
<metric	name="JVM|Classes|Total Classes Loaded"	id="326231"/>
<metric	name="BTM|Application Summary|Errors per Minute"	id="326296"/>
<metric	name="BTM|BTs|BT:2127|Component:1803|Errors per Minute"	id="326323"/>
<metric	name="Agent|Agent Channels|Metric Reporting"	id="326284"/>
<metric	name="BTM|Application Summary|Number of Slow Calls"	id="326299"/>
<metric	name="BTM|BTs|BT:2125|Component:1803|Number of Very Slow Calls"	id="326307"/>
<metric	name="BTM|BTs|BT:2126|Component:1803|95th Percentile Response Time (ms)"	id="326698"/>
<metric	name="BTM|BTs|BT:2125|Component:1803|Errors per Minute"	id="326305"/>
<metric	name="JVM|Memory:Non-Heap|Committed (MB)"	id="326216"/>
<metric	name="BTM|BTs|BT:2126|Component:1803|Stall Count"	id="326317"/>
<metric	name="BTM|BTs|BT:2127|Component:1803|Number of Very Slow Calls"	id="326325"/>
<metric	name="BTM|BTs|BT:2126|Component:1803|Calls per Minute"	id="326313"/>
<metric	name="BTM|Application Summary|Normal Average Response Time (ms)"	id="326298"/>
<metric	name="JVM|Garbage Collection|Allocated-Objects (MB)"	id="326221"/>
<metric	name="BTM|BTs|BT:2126|Component:1803|Number of Very Slow Calls"	id="326316"/>
<metric	name="BTM|BTs|BT:2125|Component:1803|Normal Average Response Time (ms)"	id="326489"/>
<metric	name="JVM|Process CPU Burnt (ms/min)"	id="326223"/>
<metric	name="JVM|Memory:Heap|Used %"	id="326224"/>
<metric	name="BTM|Application Summary|Component:1803|Number of Slow Calls"	id="326292"/>
<metric	name="BTM|BTs|BT:2128|Component:1803|Number of Very Slow Calls"	id="326334"/>
<metric	name="JVM|Memory:Heap|Max Available (MB)"	id="326228"/>
<metric	name="JVM|Threads|Current No. of Threads"	id="326234"/>
<metric	name="BTM|BTs|BT:2128|Component:1803|Number of Slow Calls"	id="326333"/>
<metric	name="BTM|Application Summary|Infrastructure Errors per Minute"	id="326297"/>
<metric	name="BTM|Application Summary|Component:1803|Average Response Time (ms)"	id="326288"/>
<metric	name="BTM|BTs|BT:2125|Component:1803|Average Response Time (ms)"	id="326303"/>
<metric	name="BTM|BTs|BT:2128|Component:1803|Average Response Time (ms)"	id="326330"/>
<metric	name="Agent|Agent Channels|Metric Registration"	id="326283"/>
<metric	name="BTM|BTs|BT:2126|Component:1803|Average Response Time (ms)"	id="326312"/>
<metric	name="BTM|Application Summary|Component:1803|Errors per Minute"	id="326290"/>
<metric	name="BTM|BTs|BT:2127|Component:1803|Average Response Time (ms)"	id="326321"/>
<metric	name="JVM|Memory:Non-Heap|Current Usage (MB)"	id="326215"/>
<metric	name="BTM|BTs|BT:2128|Component:1803|95th Percentile Response Time (ms)"	id="326700"/>
<metric	name="JVM|Garbage Collection|Freed-Objects (MB)"	id="326218"/>
<metric	name="BTM|BTs|BT:2127|Component:1803|Normal Average Response Time (ms)"	id="326493"/>
<metric	name="BTM|Application Summary|Component:1803|Infrastructure Errors per Minute"	id="326291"/>
<metric	name="BTM|BTs|BT:2125|Component:1803|Max Request Memory Size (bytes)"	id="326488"/>
<metric	name="JVM|Garbage Collection|Minor Collection Time Spent Per Min (ms)"	id="326220"/>
<metric	name="JVM|Memory:Heap|Custom Current Usage Percentage"	id="326219"/>
<metric	name="BTM|BTs|BT:2128|Component:1803|Normal Average Response Time (ms)"	id="326495"/>
<metric	name="BTM|Application Summary|Calls per Minute"	id="326287"/>
<metric	name="JVM|Classes|Current Loaded Class Count"	id="326225"/>
<metric	name="BTM|BTs|BT:2125|Component:1803|Number of Slow Calls"	id="326306"/>
<metric	name="JVM|Garbage Collection|Number of Minor Collections Per Min"	id="326227"/>
<metric	name="Agent|Agent Channels|App Config Poll"	id="326281"/>
<metric	name="BTM|BTs|BT:2126|Component:1803|Max Request Memory Size (bytes)"	id="326490"/>
<metric	name="BTM|Application Summary|Number of Very Slow Calls"	id="326301"/>
<metric	name="BTM|Application Summary|Component:1803|Number of Very Slow Calls"	id="326293"/>
<metric	name="JVM|Garbage Collection|Promoted-Objects (MB)"	id="326212"/>
<metric	name="BTM|BTs|BT:2128|Component:1803|Errors per Minute"	id="326332"/>
<metric	name="BTM|BTs|BT:2127|Component:1803|Max Request Memory Size (bytes)"	id="326492"/>
<metric	name="BTM|BTs|BT:2127|Component:1803|Stall Count"	id="326326"/>
<metric	name="BTM|BTs|BT:2126|Component:1803|Errors per Minute"	id="326314"/>
<metric	name="BTM|Application Summary|Average End to End Latency (ms)"	id="326285"/>
<metric	name="JVM|Garbage Collection|LiveData (MB)"	id="326217"/>
<metric	name="BTM|BTs|BT:2125|Component:1803|95th Percentile Response Time (ms)"	id="326697"/>
<metric	name="BTM|Application Summary|Component:1803|Stall Count"	id="326294"/>
<metric	name="BTM|Application Summary|Number of Slow End to End Messages"	id="326300"/>
<metric	name="JVM|Process CPU Usage %"	id="326222"/>
<metric	name="BTM|BTs|BT:2127|Component:1803|95th Percentile Response Time (ms)"	id="326699"/>
<metric	name="BTM|BTs|BT:2125|Component:1803|Stall Count"	id="326308"/>
<metric	name="BTM|BTs|BT:2127|Component:1803|Calls per Minute"	id="326322"/>
<metric	name="JVM|Memory:Heap|Current Usage (MB)"	id="326229"/>
<metric	name="BTM|BTs|BT:2127|Component:1803|Number of Slow Calls"	id="326324"/>
<metric	name="BTM|BTs|BT:2126|Component:1803|Normal Average Response Time (ms)"	id="326491"/>
</request>

[AD Thread-Metric Reporter0] 30 Jan 2020 15:41:00,345  INFO MetricSender - Sending REST request - URL [/controller/instance/5639/metricregistration]
<request>
<node-id>5635</node-id>
<agent-type>APP_AGENT</agent-type>
<metric	cluster-rollup-type="INDIVIDUAL"	name="Agent|BCI|Average Class File Read time(ms)"	time-rollup-type="AVERAGE"	hole-fill-type="REGULAR_COUNTER"/>
<metric	cluster-rollup-type="COLLECTIVE"	name="Agent|BCI|Class File Reads for MetaData"	time-rollup-type="AVERAGE"	hole-fill-type="RATE_COUNTER"/>
<metric	cluster-rollup-type="INDIVIDUAL"	name="JVM|Garbage Collection|Memory Pools:PS Old Gen|Committed (MB)"	time-rollup-type="CURRENT"	hole-fill-type="REGULAR_COUNTER"/>
<metric	cluster-rollup-type="COLLECTIVE"	name="Agent|BCI|Bootstrap class loads"	time-rollup-type="AVERAGE"	hole-fill-type="RATE_COUNTER"/>
<metric	cluster-rollup-type="INDIVIDUAL"	name="Agent|BCI|Average ClassMetaData Purge Operation Time (ms)"	time-rollup-type="AVERAGE"	hole-fill-type="REGULAR_COUNTER"/>
<metric	cluster-rollup-type="INDIVIDUAL"	name="JVM|Garbage Collection|Memory Pools:Code Cache|Max Available (MB)"	time-rollup-type="CURRENT"	hole-fill-type="REGULAR_COUNTER"/>
<metric	cluster-rollup-type="COLLECTIVE"	name="Agent|BCI|Background Transformations"	time-rollup-type="AVERAGE"	hole-fill-type="RATE_COUNTER"/>
<metric	cluster-rollup-type="INDIVIDUAL"	name="JVM|Garbage Collection|Memory Pools:PS Survivor Space|Max Available (MB)"	time-rollup-type="CURRENT"	hole-fill-type="REGULAR_COUNTER"/>
<metric	cluster-rollup-type="COLLECTIVE"	name="Agent|BCI|Class Loads"	time-rollup-type="AVERAGE"	hole-fill-type="RATE_COUNTER"/>
<metric	cluster-rollup-type="INDIVIDUAL"	name="Agent|BCI|Average Transform Time (ms)"	time-rollup-type="AVERAGE"	hole-fill-type="REGULAR_COUNTER"/>
<metric	cluster-rollup-type="INDIVIDUAL"	name="JVM|Garbage Collection|Memory Pools:Metaspace|Committed (MB)"	time-rollup-type="CURRENT"	hole-fill-type="REGULAR_COUNTER"/>
<metric	cluster-rollup-type="COLLECTIVE"	name="Agent|BCI|ClassMetaData Objects created"	time-rollup-type="AVERAGE"	hole-fill-type="RATE_COUNTER"/>
<metric	cluster-rollup-type="INDIVIDUAL"	name="Agent|BCI|Average Non-Transform Time (ms)"	time-rollup-type="AVERAGE"	hole-fill-type="REGULAR_COUNTER"/>
<metric	cluster-rollup-type="COLLECTIVE"	name="Agent|BCI|ClassMetaData Purge Operations"	time-rollup-type="AVERAGE"	hole-fill-type="RATE_COUNTER"/>
<metric	cluster-rollup-type="INDIVIDUAL"	name="JVM|Garbage Collection|Memory Pools:PS Old Gen|Current Usage (MB)"	time-rollup-type="CURRENT"	hole-fill-type="REGULAR_COUNTER"/>
<metric	cluster-rollup-type="COLLECTIVE"	name="Agent|BCI|Failed ReTransform Requests"	time-rollup-type="AVERAGE"	hole-fill-type="RATE_COUNTER"/>
<metric	cluster-rollup-type="INDIVIDUAL"	name="JVM|Garbage Collection|Memory Pools:PS Old Gen|Max Available (MB)"	time-rollup-type="CURRENT"	hole-fill-type="REGULAR_COUNTER"/>
<metric	cluster-rollup-type="COLLECTIVE"	name="Agent|BCI|Classes ReTransformed"	time-rollup-type="AVERAGE"	hole-fill-type="RATE_COUNTER"/>
<metric	cluster-rollup-type="COLLECTIVE"	name="Agent|BCI|Bootstrap class load misses"	time-rollup-type="AVERAGE"	hole-fill-type="RATE_COUNTER"/>
<metric	cluster-rollup-type="COLLECTIVE"	name="Agent|BCI|Methods Transformed"	time-rollup-type="AVERAGE"	hole-fill-type="RATE_COUNTER"/>
<metric	cluster-rollup-type="INDIVIDUAL"	name="JVM|Garbage Collection|Memory Pools:PS Eden Space|Max Available (MB)"	time-rollup-type="CURRENT"	hole-fill-type="REGULAR_COUNTER"/>
<metric	cluster-rollup-type="COLLECTIVE"	name="Agent|BCI|Abandoned BCI operations"	time-rollup-type="AVERAGE"	hole-fill-type="RATE_COUNTER"/>
<metric	cluster-rollup-type="INDIVIDUAL"	name="JVM|Garbage Collection|Memory Pools:PS Survivor Space|Current Usage (MB)"	time-rollup-type="CURRENT"	hole-fill-type="REGULAR_COUNTER"/>
<metric	cluster-rollup-type="INDIVIDUAL"	name="JVM|Garbage Collection|Memory Pools:Compressed Class Space|Current Usage (MB)"	time-rollup-type="CURRENT"	hole-fill-type="REGULAR_COUNTER"/>
<metric	cluster-rollup-type="COLLECTIVE"	name="Agent|BCI|Bootstrap class refreshes"	time-rollup-type="AVERAGE"	hole-fill-type="RATE_COUNTER"/>
<metric	cluster-rollup-type="INDIVIDUAL"	name="JVM|Garbage Collection|Memory Pools:Code Cache|Committed (MB)"	time-rollup-type="CURRENT"	hole-fill-type="REGULAR_COUNTER"/>
<metric	cluster-rollup-type="INDIVIDUAL"	name="JVM|Garbage Collection|Memory Pools:Metaspace|Current Usage (MB)"	time-rollup-type="CURRENT"	hole-fill-type="REGULAR_COUNTER"/>
<metric	cluster-rollup-type="COLLECTIVE"	name="Agent|BCI|Bootstrap class lookups"	time-rollup-type="AVERAGE"	hole-fill-type="RATE_COUNTER"/>
<metric	cluster-rollup-type="COLLECTIVE"	name="Agent|BCI|Transformation Timeouts"	time-rollup-type="AVERAGE"	hole-fill-type="RATE_COUNTER"/>
<metric	cluster-rollup-type="INDIVIDUAL"	name="JVM|Garbage Collection|Memory Pools:Compressed Class Space|Committed (MB)"	time-rollup-type="CURRENT"	hole-fill-type="REGULAR_COUNTER"/>
<metric	cluster-rollup-type="COLLECTIVE"	name="Agent|BCI|Validation Failures"	time-rollup-type="AVERAGE"	hole-fill-type="RATE_COUNTER"/>
<metric	cluster-rollup-type="INDIVIDUAL"	name="Agent|BCI|Average Background Transform Time (ms)"	time-rollup-type="AVERAGE"	hole-fill-type="REGULAR_COUNTER"/>
<metric	cluster-rollup-type="INDIVIDUAL"	name="Agent|BCI|Average Time to Create ClassMetaData (ms)"	time-rollup-type="AVERAGE"	hole-fill-type="REGULAR_COUNTER"/>
<metric	cluster-rollup-type="INDIVIDUAL"	name="JVM|Garbage Collection|Memory Pools:PS Survivor Space|Committed (MB)"	time-rollup-type="CURRENT"	hole-fill-type="REGULAR_COUNTER"/>
<metric	cluster-rollup-type="INDIVIDUAL"	name="JVM|Garbage Collection|Memory Pools:Compressed Class Space|Max Available (MB)"	time-rollup-type="CURRENT"	hole-fill-type="REGULAR_COUNTER"/>
<metric	cluster-rollup-type="INDIVIDUAL"	name="JVM|Garbage Collection|Memory Pools:PS Eden Space|Committed (MB)"	time-rollup-type="CURRENT"	hole-fill-type="REGULAR_COUNTER"/>
<metric	cluster-rollup-type="INDIVIDUAL"	name="JVM|Garbage Collection|Memory Pools:PS Eden Space|Current Usage (MB)"	time-rollup-type="CURRENT"	hole-fill-type="REGULAR_COUNTER"/>
<metric	cluster-rollup-type="INDIVIDUAL"	name="JVM|Garbage Collection|Memory Pools:Code Cache|Current Usage (MB)"	time-rollup-type="CURRENT"	hole-fill-type="REGULAR_COUNTER"/>
<metric	cluster-rollup-type="COLLECTIVE"	name="Agent|BCI|Classes Transformed"	time-rollup-type="AVERAGE"	hole-fill-type="RATE_COUNTER"/>
<account-key>****</account-key>
</request>

[AD Thread-Metric Reporter0] 30 Jan 2020 15:41:00,559  INFO MetricSender - REST Response Received - URL [/controller/instance/5639/metricregistration]
<request>
<metric	name="Agent|BCI|Bootstrap class load misses"	id="326474"/>
<metric	name="Agent|BCI|Average Non-Transform Time (ms)"	id="326470"/>
<metric	name="Agent|BCI|Average Class File Read time(ms)"	id="326468"/>
<metric	name="Agent|BCI|Failed ReTransform Requests"	id="326484"/>
<metric	name="Agent|BCI|Bootstrap class loads"	id="326475"/>
<metric	name="Agent|BCI|Validation Failures"	id="326487"/>
<metric	name="JVM|Garbage Collection|Memory Pools:PS Eden Space|Committed (MB)"	id="326504"/>
<metric	name="Agent|BCI|Average Background Transform Time (ms)"	id="326467"/>
<metric	name="Agent|BCI|Abandoned BCI operations"	id="326466"/>
<metric	name="JVM|Garbage Collection|Memory Pools:Metaspace|Current Usage (MB)"	id="326503"/>
<metric	name="Agent|BCI|Average Transform Time (ms)"	id="326472"/>
<metric	name="JVM|Garbage Collection|Memory Pools:PS Survivor Space|Committed (MB)"	id="326510"/>
<metric	name="JVM|Garbage Collection|Memory Pools:PS Old Gen|Max Available (MB)"	id="326509"/>
<metric	name="Agent|BCI|Average Time to Create ClassMetaData (ms)"	id="326471"/>
<metric	name="Agent|BCI|Transformation Timeouts"	id="326486"/>
<metric	name="JVM|Garbage Collection|Memory Pools:Metaspace|Committed (MB)"	id="326502"/>
<metric	name="Agent|BCI|ClassMetaData Objects created"	id="326480"/>
<metric	name="Agent|BCI|ClassMetaData Purge Operations"	id="326481"/>
<metric	name="JVM|Garbage Collection|Memory Pools:Compressed Class Space|Committed (MB)"	id="326499"/>
<metric	name="JVM|Garbage Collection|Memory Pools:PS Old Gen|Current Usage (MB)"	id="326508"/>
<metric	name="Agent|BCI|Class Loads"	id="326479"/>
<metric	name="JVM|Garbage Collection|Memory Pools:PS Old Gen|Committed (MB)"	id="326507"/>
<metric	name="JVM|Garbage Collection|Memory Pools:Code Cache|Max Available (MB)"	id="326498"/>
<metric	name="JVM|Garbage Collection|Memory Pools:PS Eden Space|Current Usage (MB)"	id="326505"/>
<metric	name="Agent|BCI|Classes ReTransformed"	id="326482"/>
<metric	name="Agent|BCI|Bootstrap class refreshes"	id="326477"/>
<metric	name="Agent|BCI|Classes Transformed"	id="326483"/>
<metric	name="Agent|BCI|Class File Reads for MetaData"	id="326478"/>
<metric	name="Agent|BCI|Average ClassMetaData Purge Operation Time (ms)"	id="326469"/>
<metric	name="JVM|Garbage Collection|Memory Pools:PS Survivor Space|Current Usage (MB)"	id="326511"/>
<metric	name="JVM|Garbage Collection|Memory Pools:Code Cache|Current Usage (MB)"	id="326497"/>
<metric	name="JVM|Garbage Collection|Memory Pools:PS Eden Space|Max Available (MB)"	id="326506"/>
<metric	name="JVM|Garbage Collection|Memory Pools:Code Cache|Committed (MB)"	id="326496"/>
<metric	name="Agent|BCI|Bootstrap class lookups"	id="326476"/>
<metric	name="JVM|Garbage Collection|Memory Pools:Compressed Class Space|Max Available (MB)"	id="326501"/>
<metric	name="Agent|BCI|Methods Transformed"	id="326485"/>
<metric	name="JVM|Garbage Collection|Memory Pools:Compressed Class Space|Current Usage (MB)"	id="326500"/>
<metric	name="Agent|BCI|Background Transformations"	id="326473"/>
<metric	name="JVM|Garbage Collection|Memory Pools:PS Survivor Space|Max Available (MB)"	id="326512"/>
</request>

